<?xml version="1.0" encoding="UTF-8"?>
<testsuite xmlns:xsi="http://www.w3.org/2001/XMLSchema-instance" xsi:noNamespaceSchemaLocation="https://maven.apache.org/surefire/maven-surefire-plugin/xsd/surefire-test-report.xsd" name="TestSuite" time="58.039" tests="5" errors="0" skipped="0" failures="0">
  <properties>
[...]
</properties>
  <testcase name="LoginErrorValidation" classname="rahulshettyacademy.tests.ErrorValidationsTest" time="0.923"/>
  <testcase name="ProductErrorValidation" classname="rahulshettyacademy.tests.ErrorValidationsTest" time="2.346"/>
  <testcase name="submitOrder" classname="rahulshettyacademy.tests.SubmitOrderTest" time="3.37"/>
  <testcase name="submitOrder" classname="rahulshettyacademy.tests.SubmitOrderTest" time="3.346"/>
  <testcase name="OrderHistoryTest" classname="rahulshettyacademy.tests.SubmitOrderTest" time="1.021"/>
</testsuite>